2025-08-07 15:27:33.977 +03:30 [INF] User profile is available. Using 'C:\Users\acer\AppData\Local\ASP.NET\DataProtection-Keys' as key repository and Windows DPAPI to encrypt keys at rest.
2025-08-07 15:27:34.263 +03:30 [INF] Now listening on: https://localhost:7050
2025-08-07 15:27:34.266 +03:30 [INF] Now listening on: http://localhost:5179
2025-08-07 15:27:34.555 +03:30 [INF] Application started. Press Ctrl+C to shut down.
2025-08-07 15:27:34.909 +03:30 [INF] Hosting environment: Development
2025-08-07 15:27:34.913 +03:30 [INF] Content root path: D:\Project\Eshop-Api\Eshop-Api (2025-04-02)-git\shop.Web
2025-08-07 15:27:35.133 +03:30 [INF] Request starting HTTP/2 GET https://localhost:7050/swagger/index.html - -
2025-08-07 15:27:35.673 +03:30 [INF] Request finished HTTP/2 GET https://localhost:7050/swagger/index.html - - - 200 - text/html;charset=utf-8 546.4471ms
2025-08-07 15:27:35.989 +03:30 [INF] Request starting HTTP/2 GET https://localhost:7050/_vs/browserLink - -
2025-08-07 15:27:36.111 +03:30 [INF] Request starting HTTP/2 GET https://localhost:7050/_framework/aspnetcore-browser-refresh.js - -
2025-08-07 15:27:36.131 +03:30 [INF] Request finished HTTP/2 GET https://localhost:7050/_framework/aspnetcore-browser-refresh.js - - - 200 16501 application/javascript;+charset=utf-8 19.6427ms
2025-08-07 15:27:36.278 +03:30 [INF] Request finished HTTP/2 GET https://localhost:7050/_vs/browserLink - - - 200 - text/javascript;+charset=UTF-8 294.6299ms
2025-08-07 15:27:37.288 +03:30 [INF] Request starting HTTP/2 GET https://localhost:7050/swagger/v1/swagger.json - -
2025-08-07 15:27:37.526 +03:30 [INF] Request finished HTTP/2 GET https://localhost:7050/swagger/v1/swagger.json - - - 200 - application/json;charset=utf-8 237.0602ms
2025-08-07 15:28:21.251 +03:30 [INF] Request starting HTTP/2 GET https://localhost:7050/Category - -
2025-08-07 15:28:22.554 +03:30 [INF] Executing endpoint 'shop.Web.Controllers.Category.CategoryController.GetAllCategories (shop.Web)'
2025-08-07 15:28:22.606 +03:30 [INF] Route matched with {action = "GetAllCategories", controller = "Category"}. Executing controller action with signature System.Threading.Tasks.Task`1[shop.Frameworks.Commons.ApiResult`1[System.Collections.Generic.List`1[shop.Service.Query.CategoryQueryDto]]] GetAllCategories() on controller shop.Web.Controllers.Category.CategoryController (shop.Web).
2025-08-07 15:28:23.944 +03:30 [INF] Starting shop.Web.Controllers.Category.CategoryController.GetAllCategories (shop.Web) with arguments: {}
2025-08-07 15:28:23.951 +03:30 [INF] Executing action method shop.Web.Controllers.Category.CategoryController.GetAllCategories (shop.Web) - Validation state: "Valid"
2025-08-07 15:28:27.036 +03:30 [INF] Executed DbCommand (61ms) [Parameters=[], CommandType='"Text"', CommandTimeout='30']
SELECT [c].[Id], [c].[CreateON], [c].[Deleted], [c].[Name], [c].[ParentID], [c].[UpdateON]
FROM [Category].[Categories] AS [c]
WHERE [c].[ParentID] IS NULL AND [c].[Deleted] = CAST(0 AS bit)
ORDER BY [c].[Id] DESC
2025-08-07 15:28:27.371 +03:30 [INF] Executed DbCommand (74ms) [Parameters=[@__p_0='?' (DbType = Int32)], CommandType='"Text"', CommandTimeout='30']
SELECT [c].[Id], [c].[CreateON], [c].[Deleted], [c].[Name], [c].[ParentID], [c].[UpdateON]
FROM [Category].[Categories] AS [c]
WHERE [c].[ParentID] = @__p_0
2025-08-07 15:28:27.421 +03:30 [INF] Executed DbCommand (5ms) [Parameters=[@__p_0='?' (DbType = Int32)], CommandType='"Text"', CommandTimeout='30']
SELECT [p].[ProductID], [p].[CategoryID], [p].[CreateON], [p].[UpdateON]
FROM [ProductCategory] AS [p]
WHERE [p].[CategoryID] = @__p_0
2025-08-07 15:28:27.475 +03:30 [INF] Executed action method shop.Web.Controllers.Category.CategoryController.GetAllCategories (shop.Web), returned result Microsoft.AspNetCore.Mvc.ObjectResult in 3517.4757ms.
2025-08-07 15:28:27.479 +03:30 [INF] Finished shop.Web.Controllers.Category.CategoryController.GetAllCategories (shop.Web) with StatusCode 200 in 3533 ms
2025-08-07 15:28:27.532 +03:30 [INF] Executing ObjectResult, writing value of type 'shop.Frameworks.Commons.ApiResult`1[[System.Collections.Generic.List`1[[shop.Service.Query.CategoryQueryDto, shop.Service, Version=1.0.0.0, Culture=neutral, PublicKeyToken=null]], System.Private.CoreLib, Version=7.0.0.0, Culture=neutral, PublicKeyToken=7cec85d7bea7798e]]'.
2025-08-07 15:28:27.618 +03:30 [INF] Executed action shop.Web.Controllers.Category.CategoryController.GetAllCategories (shop.Web) in 4991.7741ms
2025-08-07 15:28:27.621 +03:30 [INF] Executed endpoint 'shop.Web.Controllers.Category.CategoryController.GetAllCategories (shop.Web)'
2025-08-07 15:28:27.646 +03:30 [INF] Request finished HTTP/2 GET https://localhost:7050/Category - - - 200 - application/json;+charset=utf-8 6395.4923ms
2025-08-07 15:29:42.680 +03:30 [INF] User profile is available. Using 'C:\Users\acer\AppData\Local\ASP.NET\DataProtection-Keys' as key repository and Windows DPAPI to encrypt keys at rest.
2025-08-07 15:29:42.946 +03:30 [INF] Now listening on: https://localhost:7050
2025-08-07 15:29:42.948 +03:30 [INF] Now listening on: http://localhost:5179
2025-08-07 15:29:43.099 +03:30 [INF] Application started. Press Ctrl+C to shut down.
2025-08-07 15:29:43.102 +03:30 [INF] Hosting environment: Development
2025-08-07 15:29:43.104 +03:30 [INF] Content root path: D:\Project\Eshop-Api\Eshop-Api (2025-04-02)-git\shop.Web
2025-08-07 15:29:44.695 +03:30 [INF] Request starting HTTP/2 GET https://localhost:7050/swagger/index.html - -
2025-08-07 15:29:45.197 +03:30 [INF] Request finished HTTP/2 GET https://localhost:7050/swagger/index.html - - - 200 - text/html;charset=utf-8 505.1770ms
2025-08-07 15:29:45.279 +03:30 [INF] Request starting HTTP/2 GET https://localhost:7050/_vs/browserLink - -
2025-08-07 15:29:45.284 +03:30 [INF] Request starting HTTP/2 GET https://localhost:7050/_framework/aspnetcore-browser-refresh.js - -
2025-08-07 15:29:45.311 +03:30 [INF] Request finished HTTP/2 GET https://localhost:7050/_framework/aspnetcore-browser-refresh.js - - - 200 16501 application/javascript;+charset=utf-8 27.2096ms
2025-08-07 15:29:45.398 +03:30 [INF] Request finished HTTP/2 GET https://localhost:7050/_vs/browserLink - - - 200 - text/javascript;+charset=UTF-8 118.8092ms
2025-08-07 15:29:45.749 +03:30 [INF] Request starting HTTP/2 GET https://localhost:7050/swagger/v1/swagger.json - -
2025-08-07 15:29:45.905 +03:30 [INF] Request finished HTTP/2 GET https://localhost:7050/swagger/v1/swagger.json - - - 200 - application/json;charset=utf-8 155.6051ms
2025-08-07 15:29:54.577 +03:30 [INF] Request starting HTTP/2 POST https://localhost:7050/Auth/login application/json 58
2025-08-07 15:29:54.590 +03:30 [INF] CORS policy execution successful.
2025-08-07 15:29:54.686 +03:30 [INF] Executing endpoint 'shop.Web.Controllers.Auth.AuthController.Login (shop.Web)'
2025-08-07 15:29:54.724 +03:30 [INF] Route matched with {action = "Login", controller = "Auth"}. Executing controller action with signature System.Threading.Tasks.Task`1[shop.Frameworks.Commons.ApiResult`1[Shop.Api.ViewModels.Auth.LoginResultDto]] Login(Shop.Api.ViewModels.Auth.LoginViewModel) on controller shop.Web.Controllers.Auth.AuthController (shop.Web).
2025-08-07 15:29:54.992 +03:30 [INF] Starting shop.Web.Controllers.Auth.AuthController.Login (shop.Web) with arguments: {"loginViewModel":{"PhoneNumber":"stringstrin","Password":"string"}}
2025-08-07 15:29:54.998 +03:30 [INF] Executing action method shop.Web.Controllers.Auth.AuthController.Login (shop.Web) - Validation state: "Valid"
2025-08-07 15:29:56.582 +03:30 [INF] Executed DbCommand (60ms) [Parameters=[@__PhoneNumber_0='?' (Size = 4000)], CommandType='"Text"', CommandTimeout='30']
SELECT TOP(1) [u].[Id], [u].[AvatarName], [u].[CreateON], [u].[Deleted], [u].[Email], [u].[Family], [u].[IsActive], [u].[Name], [u].[Password], [u].[PhoneNumber], [u].[UpdateON]
FROM [User] AS [u]
WHERE [u].[PhoneNumber] = @__PhoneNumber_0
2025-08-07 15:29:56.634 +03:30 [INF] Executed action method shop.Web.Controllers.Auth.AuthController.Login (shop.Web), returned result Microsoft.AspNetCore.Mvc.ObjectResult in 1626.2823ms.
2025-08-07 15:29:56.638 +03:30 [INF] Finished shop.Web.Controllers.Auth.AuthController.Login (shop.Web) with StatusCode 200 in 1643 ms
2025-08-07 15:29:56.679 +03:30 [INF] Executing ObjectResult, writing value of type 'shop.Frameworks.Commons.ApiResult`1[[Shop.Api.ViewModels.Auth.LoginResultDto, shop.Web, Version=1.0.0.0, Culture=neutral, PublicKeyToken=null]]'.
2025-08-07 15:29:56.712 +03:30 [INF] Executed action shop.Web.Controllers.Auth.AuthController.Login (shop.Web) in 1965.8407ms
2025-08-07 15:29:56.715 +03:30 [INF] Executed endpoint 'shop.Web.Controllers.Auth.AuthController.Login (shop.Web)'
2025-08-07 15:29:56.729 +03:30 [INF] Request finished HTTP/2 POST https://localhost:7050/Auth/login application/json 58 - 200 - application/json;+charset=utf-8 2151.7867ms
2025-08-07 15:31:57.007 +03:30 [INF] User profile is available. Using 'C:\Users\acer\AppData\Local\ASP.NET\DataProtection-Keys' as key repository and Windows DPAPI to encrypt keys at rest.
2025-08-07 15:31:57.405 +03:30 [INF] Now listening on: https://localhost:7050
2025-08-07 15:31:57.407 +03:30 [INF] Now listening on: http://localhost:5179
2025-08-07 15:31:57.744 +03:30 [INF] Application started. Press Ctrl+C to shut down.
2025-08-07 15:31:57.745 +03:30 [INF] Hosting environment: Development
2025-08-07 15:31:57.750 +03:30 [INF] Content root path: D:\Project\Eshop-Api\Eshop-Api (2025-04-02)-git\shop.Web
2025-08-07 15:31:57.825 +03:30 [INF] Request starting HTTP/2 GET https://localhost:7050/swagger/index.html - -
2025-08-07 15:31:58.218 +03:30 [INF] Request finished HTTP/2 GET https://localhost:7050/swagger/index.html - - - 200 - text/html;charset=utf-8 398.7727ms
2025-08-07 15:31:58.298 +03:30 [INF] Request starting HTTP/2 GET https://localhost:7050/_framework/aspnetcore-browser-refresh.js - -
2025-08-07 15:31:58.301 +03:30 [INF] Request starting HTTP/2 GET https://localhost:7050/_vs/browserLink - -
2025-08-07 15:31:58.335 +03:30 [INF] Request finished HTTP/2 GET https://localhost:7050/_framework/aspnetcore-browser-refresh.js - - - 200 16501 application/javascript;+charset=utf-8 37.9287ms
2025-08-07 15:31:58.429 +03:30 [INF] Request finished HTTP/2 GET https://localhost:7050/_vs/browserLink - - - 200 - text/javascript;+charset=UTF-8 127.5568ms
2025-08-07 15:31:58.645 +03:30 [INF] Request starting HTTP/2 GET https://localhost:7050/swagger/v1/swagger.json - -
2025-08-07 15:31:58.898 +03:30 [INF] Request finished HTTP/2 GET https://localhost:7050/swagger/v1/swagger.json - - - 200 - application/json;charset=utf-8 253.0891ms
2025-08-07 15:32:22.719 +03:30 [INF] Request starting HTTP/2 GET https://localhost:7050/test - -
2025-08-07 15:32:22.809 +03:30 [INF] Executing endpoint 'shop.Web.Controllers.Category.CategoryController.GetAllCategories2 (shop.Web)'
2025-08-07 15:32:22.835 +03:30 [INF] Route matched with {action = "GetAllCategories2", controller = "Category"}. Executing controller action with signature System.Threading.Tasks.Task`1[shop.Frameworks.Commons.ApiResult`1[System.Collections.Generic.List`1[shop.Service.Query.CategoryQueryDto]]] GetAllCategories2() on controller shop.Web.Controllers.Category.CategoryController (shop.Web).
2025-08-07 15:32:23.100 +03:30 [INF] Starting shop.Web.Controllers.Category.CategoryController.GetAllCategories2 (shop.Web) with arguments: {}
2025-08-07 15:32:23.107 +03:30 [INF] Executing action method shop.Web.Controllers.Category.CategoryController.GetAllCategories2 (shop.Web) - Validation state: "Valid"
2025-08-07 15:32:24.688 +03:30 [INF] Executed DbCommand (43ms) [Parameters=[], CommandType='"Text"', CommandTimeout='30']
SELECT [c].[Id], [c].[CreateON], [c].[Deleted], [c].[Name], [c].[ParentID], [c].[UpdateON]
FROM [Category].[Categories] AS [c]
WHERE [c].[ParentID] IS NULL AND [c].[Deleted] = CAST(0 AS bit)
ORDER BY [c].[Id] DESC
2025-08-07 15:32:24.960 +03:30 [INF] Executed DbCommand (22ms) [Parameters=[@__p_0='?' (DbType = Int32)], CommandType='"Text"', CommandTimeout='30']
SELECT [c].[Id], [c].[CreateON], [c].[Deleted], [c].[Name], [c].[ParentID], [c].[UpdateON]
FROM [Category].[Categories] AS [c]
WHERE [c].[ParentID] = @__p_0
2025-08-07 15:32:25.018 +03:30 [INF] Executed DbCommand (6ms) [Parameters=[@__p_0='?' (DbType = Int32)], CommandType='"Text"', CommandTimeout='30']
SELECT [p].[ProductID], [p].[CategoryID], [p].[CreateON], [p].[UpdateON]
FROM [ProductCategory] AS [p]
WHERE [p].[CategoryID] = @__p_0
2025-08-07 15:32:25.068 +03:30 [INF] Executed action method shop.Web.Controllers.Category.CategoryController.GetAllCategories2 (shop.Web), returned result Microsoft.AspNetCore.Mvc.ObjectResult in 1954.1461ms.
2025-08-07 15:32:25.072 +03:30 [INF] Finished shop.Web.Controllers.Category.CategoryController.GetAllCategories2 (shop.Web) with StatusCode 200 in 1969 ms
2025-08-07 15:32:25.116 +03:30 [INF] Executing ObjectResult, writing value of type 'shop.Frameworks.Commons.ApiResult`1[[System.Collections.Generic.List`1[[shop.Service.Query.CategoryQueryDto, shop.Service, Version=1.0.0.0, Culture=neutral, PublicKeyToken=null]], System.Private.CoreLib, Version=7.0.0.0, Culture=neutral, PublicKeyToken=7cec85d7bea7798e]]'.
2025-08-07 15:32:25.165 +03:30 [INF] Executed action shop.Web.Controllers.Category.CategoryController.GetAllCategories2 (shop.Web) in 2308.229ms
2025-08-07 15:32:25.168 +03:30 [INF] Executed endpoint 'shop.Web.Controllers.Category.CategoryController.GetAllCategories2 (shop.Web)'
2025-08-07 15:32:25.189 +03:30 [INF] Request finished HTTP/2 GET https://localhost:7050/test - - - 200 - application/json;+charset=utf-8 2469.2306ms
